#
# There is insufficient memory for the Java Runtime Environment to continue.
# Native memory allocation (mmap) failed to map 96468992 bytes for G1 virtual space
# Possible reasons:
#   The system is out of physical RAM or swap space
#   The process is running with CompressedOops enabled, and the Java Heap may be blocking the growth of the native heap
# Possible solutions:
#   Reduce memory load on the system
#   Increase physical memory or swap space
#   Check if swap backing store is full
#   Decrease Java heap size (-Xmx/-Xms)
#   Decrease number of Java threads
#   Decrease Java thread stack sizes (-Xss)
#   Set larger code cache with -XX:ReservedCodeCacheSize=
#   JVM is running with Unscaled Compressed Oops mode in which the Java heap is
#     placed in the first 4GB address space. The Java Heap base address is the
#     maximum limit for the native heap growth. Please use -XX:HeapBaseMinAddress
#     to set the Java Heap base and to place the Java Heap above 4GB virtual address.
# This output file may be truncated or incomplete.
#
#  Out of Memory Error (os_windows.cpp:3600), pid=11516, tid=10756
#
# JRE version:  (21.0.1+12) (build )
# Java VM: Java HotSpot(TM) 64-Bit Server VM (21.0.1+12-LTS-29, mixed mode, sharing, tiered, compressed oops, compressed class ptrs, g1 gc, windows-amd64)
# No core dump will be written. Minidumps are not enabled by default on client versions of Windows
#

---------------  S U M M A R Y ------------

Command Line: -Dclassworlds.conf=C:\Program Files\NetBeans-21\netbeans\java\maven\bin\m2.conf -Dmaven.home=C:\Program Files\NetBeans-21\netbeans\java\maven -Dlibrary.jansi.path=C:\Program Files\NetBeans-21\netbeans\java\maven\lib\jansi-native -Dmaven.multiModuleProjectDirectory=D:\TUGAS\.CODING\Semester 3\PBO\Tugas Praktikum\1\Rental_Mobil org.codehaus.plexus.classworlds.launcher.Launcher -Dexec.vmArgs= -Dexec.args=${exec.vmArgs} -classpath %classpath ${exec.mainClass} ${exec.appArgs} -Dexec.appArgs= -Dexec.mainClass=rental.Rental_Mobil -Dexec.executable=C:\Program Files\Java\jdk-21\bin\java.exe -Dmaven.ext.class.path=C:\Program Files\NetBeans-21\netbeans\java\maven-nblib\netbeans-eventspy.jar --no-transfer-progress process-classes org.codehaus.mojo:exec-maven-plugin:3.1.0:exec

Host: AMD Ryzen 3 7320U with Radeon Graphics         , 8 cores, 5G,  Windows 10 , 64 bit Build 19041 (10.0.19041.4842)
Time: Sat Sep 28 23:39:57 2024 Malay Peninsula Standard Time elapsed time: 0.012819 seconds (0d 0h 0m 0s)

---------------  T H R E A D  ---------------

Current thread (0x00000228cbcbda10):  JavaThread "Unknown thread" [_thread_in_vm, id=10756, stack(0x000000c283300000,0x000000c283400000) (1024K)]

Stack: [0x000000c283300000,0x000000c283400000]
Native frames: (J=compiled Java code, j=interpreted, Vv=VM code, C=native code)
V  [jvm.dll+0x6c9029]
V  [jvm.dll+0x854b81]
V  [jvm.dll+0x856e5e]
V  [jvm.dll+0x857543]
V  [jvm.dll+0x280c06]
V  [jvm.dll+0x6c5715]
V  [jvm.dll+0x6ba10a]
V  [jvm.dll+0x3557ea]
V  [jvm.dll+0x35d436]
V  [jvm.dll+0x3ae1be]
V  [jvm.dll+0x3ae468]
V  [jvm.dll+0x3291fc]
V  [jvm.dll+0x329d8b]
V  [jvm.dll+0x81d179]
V  [jvm.dll+0x3bb4f1]
V  [jvm.dll+0x805ae8]
V  [jvm.dll+0x44effe]
V  [jvm.dll+0x450901]
C  [jli.dll+0x52a3]
C  [ucrtbase.dll+0x21bb2]
C  [KERNEL32.DLL+0x17374]
C  [ntdll.dll+0x4cc91]


---------------  P R O C E S S  ---------------

Threads class SMR info:
_java_thread_list=0x00007ff87ba19b88, length=0, elements={
}

Java Threads: ( => current thread )
Total: 0

Other Threads:
  0x00000228cdfd5ec0 WorkerThread "GC Thread#0"                     [id=3008, stack(0x000000c283400000,0x000000c283500000) (1024K)]
  0x00000228cdfe3230 ConcurrentGCThread "G1 Main Marker"            [id=6884, stack(0x000000c283500000,0x000000c283600000) (1024K)]
  0x00000228cdfe3b40 WorkerThread "G1 Conc#0"                       [id=21012, stack(0x000000c283600000,0x000000c283700000) (1024K)]

[error occurred during error reporting (printing all threads), id 0xc0000005, EXCEPTION_ACCESS_VIOLATION (0xc0000005) at pc=0x00007ff87b18c2c7]
VM state: not at safepoint (not fully initialized)

VM Mutex/Monitor currently owned by a thread:  ([mutex/lock_event])
[0x00007ff87ba8a6f8] Heap_lock - owner thread: 0x00000228cbcbda10

Heap address: 0x00000000a4200000, size: 1470 MB, Compressed Oops mode: 32-bit

CDS archive(s) mapped at: [0x0000000000000000-0x0000000000000000-0x0000000000000000), size 0, SharedBaseAddress: 0x0000000800000000, ArchiveRelocationMode: 1.
Narrow klass base: 0x0000000000000000, Narrow klass shift: 0, Narrow klass range: 0x0

GC Precious Log:
 CardTable entry size: 512
 Card Set container configuration: InlinePtr #cards 5 size 8 Array Of Cards #cards 12 size 40 Howl #buckets 4 coarsen threshold 1843 Howl Bitmap #cards 512 size 80 coarsen threshold 460 Card regions per heap region 1 cards per card region 2048

Heap:
 garbage-first heap   total 0K, used 0K [0x00000000a4200000, 0x0000000100000000)
  region size 1024K, 0 young (0K), 0 survivors (0K)

[error occurred during error reporting (printing heap information), id 0xc0000005, EXCEPTION_ACCESS_VIOLATION (0xc0000005) at pc=0x00007ff87b571be9]
GC Heap History (0 events):
No events

Dll operation events (1 events):
Event: 0.007 Loaded shared library C:\Program Files\Java\jdk-21\bin\java.dll

Deoptimization events (0 events):
No events

Classes loaded (0 events):
No events

Classes unloaded (0 events):
No events

Classes redefined (0 events):
No events

Internal exceptions (0 events):
No events

ZGC Phase Switch (0 events):
No events

VM Operations (0 events):
No events

Events (0 events):
No events


Dynamic libraries:
0x00007ff71ad00000 - 0x00007ff71ad10000 	C:\Program Files\Java\jdk-21\bin\java.exe
0x00007ff8acdd0000 - 0x00007ff8acfc8000 	C:\Windows\SYSTEM32\ntdll.dll
0x00007ff8abfd0000 - 0x00007ff8ac091000 	C:\Windows\System32\KERNEL32.DLL
0x00007ff8aa720000 - 0x00007ff8aaa1d000 	C:\Windows\System32\KERNELBASE.dll
0x00007ff8aa580000 - 0x00007ff8aa680000 	C:\Windows\System32\ucrtbase.dll
0x00007ff89a700000 - 0x00007ff89a71b000 	C:\Program Files\Java\jdk-21\bin\VCRUNTIME140.dll
0x00007ff8a7790000 - 0x00007ff8a77a9000 	C:\Program Files\Java\jdk-21\bin\jli.dll
0x00007ff8accd0000 - 0x00007ff8acd80000 	C:\Windows\System32\ADVAPI32.dll
0x00007ff8aae10000 - 0x00007ff8aaeae000 	C:\Windows\System32\msvcrt.dll
0x00007ff8aaeb0000 - 0x00007ff8aaf50000 	C:\Windows\System32\sechost.dll
0x00007ff8ac8d0000 - 0x00007ff8ac9f3000 	C:\Windows\System32\RPCRT4.dll
0x00007ff8aa6f0000 - 0x00007ff8aa717000 	C:\Windows\System32\bcrypt.dll
0x00007ff8abbb0000 - 0x00007ff8abd4d000 	C:\Windows\System32\USER32.dll
0x00007ff8aaa20000 - 0x00007ff8aaa42000 	C:\Windows\System32\win32u.dll
0x00007ff8aba30000 - 0x00007ff8aba5b000 	C:\Windows\System32\GDI32.dll
0x00007ff8aace0000 - 0x00007ff8aadf7000 	C:\Windows\System32\gdi32full.dll
0x00007ff8aac40000 - 0x00007ff8aacdd000 	C:\Windows\System32\msvcp_win.dll
0x00007ff895e50000 - 0x00007ff8960ea000 	C:\Windows\WinSxS\amd64_microsoft.windows.common-controls_6595b64144ccf1df_6.0.19041.4355_none_60b8b9eb71f62e16\COMCTL32.dll
0x00007ff8a0200000 - 0x00007ff8a020a000 	C:\Windows\SYSTEM32\VERSION.dll
0x00007ff8ac160000 - 0x00007ff8ac18f000 	C:\Windows\System32\IMM32.DLL
0x00007ff8a6020000 - 0x00007ff8a602c000 	C:\Program Files\Java\jdk-21\bin\vcruntime140_1.dll
0x00007ff88c6e0000 - 0x00007ff88c76e000 	C:\Program Files\Java\jdk-21\bin\msvcp140.dll
0x00007ff87ae50000 - 0x00007ff87bb65000 	C:\Program Files\Java\jdk-21\bin\server\jvm.dll
0x00007ff8abf60000 - 0x00007ff8abfcb000 	C:\Windows\System32\WS2_32.dll
0x00007ff8a9e60000 - 0x00007ff8a9eab000 	C:\Windows\SYSTEM32\POWRPROF.dll
0x00007ff89ffe0000 - 0x00007ff8a0007000 	C:\Windows\SYSTEM32\WINMM.dll
0x00007ff8a9e40000 - 0x00007ff8a9e52000 	C:\Windows\SYSTEM32\UMPDC.dll
0x00007ff8a8ca0000 - 0x00007ff8a8cb2000 	C:\Windows\SYSTEM32\kernel.appcore.dll
0x00007ff8a5f40000 - 0x00007ff8a5f4a000 	C:\Program Files\Java\jdk-21\bin\jimage.dll
0x00007ff8a8a90000 - 0x00007ff8a8c74000 	C:\Windows\SYSTEM32\DBGHELP.DLL
0x00007ff8883f0000 - 0x00007ff888424000 	C:\Windows\SYSTEM32\dbgcore.DLL
0x00007ff8aaa50000 - 0x00007ff8aaad2000 	C:\Windows\System32\bcryptPrimitives.dll
0x00007ff897a20000 - 0x00007ff897a3f000 	C:\Program Files\Java\jdk-21\bin\java.dll

dbghelp: loaded successfully - version: 4.0.5 - missing functions: none
symbol engine: initialized successfully - sym options: 0x614 - pdb path: .;C:\Program Files\Java\jdk-21\bin;C:\Windows\SYSTEM32;C:\Windows\WinSxS\amd64_microsoft.windows.common-controls_6595b64144ccf1df_6.0.19041.4355_none_60b8b9eb71f62e16;C:\Program Files\Java\jdk-21\bin\server

VM Arguments:
jvm_args: -Dclassworlds.conf=C:\Program Files\NetBeans-21\netbeans\java\maven\bin\m2.conf -Dmaven.home=C:\Program Files\NetBeans-21\netbeans\java\maven -Dlibrary.jansi.path=C:\Program Files\NetBeans-21\netbeans\java\maven\lib\jansi-native -Dmaven.multiModuleProjectDirectory=D:\TUGAS\.CODING\Semester 3\PBO\Tugas Praktikum\1\Rental_Mobil 
java_command: org.codehaus.plexus.classworlds.launcher.Launcher -Dexec.vmArgs= -Dexec.args=${exec.vmArgs} -classpath %classpath ${exec.mainClass} ${exec.appArgs} -Dexec.appArgs= -Dexec.mainClass=rental.Rental_Mobil -Dexec.executable=C:\Program Files\Java\jdk-21\bin\java.exe -Dmaven.ext.class.path=C:\Program Files\NetBeans-21\netbeans\java\maven-nblib\netbeans-eventspy.jar --no-transfer-progress process-classes org.codehaus.mojo:exec-maven-plugin:3.1.0:exec
java_class_path (initial): C:\Program Files\NetBeans-21\netbeans\java\maven\boot\plexus-classworlds-2.7.0.jar
Launcher Type: SUN_STANDARD

[Global flags]
     intx CICompilerCount                          = 4                                         {product} {ergonomic}
     uint ConcGCThreads                            = 2                                         {product} {ergonomic}
     uint G1ConcRefinementThreads                  = 8                                         {product} {ergonomic}
   size_t G1HeapRegionSize                         = 1048576                                   {product} {ergonomic}
    uintx GCDrainStackTargetSize                   = 64                                        {product} {ergonomic}
   size_t InitialHeapSize                          = 96468992                                  {product} {ergonomic}
   size_t MarkStackSize                            = 4194304                                   {product} {ergonomic}
   size_t MaxHeapSize                              = 1541406720                                {product} {ergonomic}
   size_t MinHeapDeltaBytes                        = 1048576                                   {product} {ergonomic}
   size_t MinHeapSize                              = 8388608                                   {product} {ergonomic}
    uintx NonNMethodCodeHeapSize                   = 5839372                                {pd product} {ergonomic}
    uintx NonProfiledCodeHeapSize                  = 122909434                              {pd product} {ergonomic}
    uintx ProfiledCodeHeapSize                     = 122909434                              {pd product} {ergonomic}
    uintx ReservedCodeCacheSize                    = 251658240                              {pd product} {ergonomic}
     bool SegmentedCodeCache                       = true                                      {product} {ergonomic}
   size_t SoftMaxHeapSize                          = 1541406720                             {manageable} {ergonomic}
     bool UseCompressedOops                        = true                           {product lp64_product} {ergonomic}
     bool UseG1GC                                  = true                                      {product} {ergonomic}
     bool UseLargePagesIndividualAllocation        = false                                  {pd product} {ergonomic}

Logging:
Log output configuration:
 #0: stdout all=warning uptime,level,tags foldmultilines=false
 #1: stderr all=off uptime,level,tags foldmultilines=false

Environment Variables:
JAVA_HOME=C:\Program Files\Java\jdk-21
PATH=C:\Program Files\Common Files\Oracle\Java\javapath;C:\Windows\system32;C:\Windows;C:\Windows\System32\Wbem;C:\Windows\System32\WindowsPowerShell\v1.0\;C:\Windows\System32\OpenSSH\;C:\Program Files\Git\cmd;C:\Program Files\dotnet\;C:\Users\Zonaats\AppData\Local\Programs\Python\Python312\Scripts\;C:\Users\Zonaats\AppData\Local\Programs\Python\Python312\;C:\Users\Zonaats\AppData\Local\Programs\Python\Launcher\;C:\Users\Zonaats\AppData\Local\Programs\Eclipse Adoptium\jdk-17.0.9.9-hotspot\bin;C:\Users\Zonaats\AppData\Local\Microsoft\WindowsApps;C:\Users\Zonaats\AppData\Local\Programs\Microsoft VS Code\bin;D:\PyCharm Community Edition 2023.2\bin;;
USERNAME=Zonaats
OS=Windows_NT
PROCESSOR_IDENTIFIER=AMD64 Family 23 Model 160 Stepping 0, AuthenticAMD
TMP=C:\Users\Zonaats\AppData\Local\Temp
TEMP=C:\Users\Zonaats\AppData\Local\Temp




Periodic native trim disabled

---------------  S Y S T E M  ---------------

OS:
 Windows 10 , 64 bit Build 19041 (10.0.19041.4842)
OS uptime: 0 days 10:21 hours

CPU: total 8 (initial active 8) (8 cores per cpu, 2 threads per core) family 23 model 160 stepping 0 microcode 0x0, cx8, cmov, fxsr, ht, mmx, 3dnowpref, sse, sse2, sse3, ssse3, sse4a, sse4.1, sse4.2, popcnt, lzcnt, tsc, tscinvbit, avx, avx2, aes, clmul, bmi1, bmi2, adx, sha, fma, vzeroupper, clflush, clflushopt, rdtscp, rdpid, f16c
Processor Information for all 8 processors :
  Max Mhz: 2401, Current Mhz: 2401, Mhz Limit: 2401

Memory: 4k page, system-wide physical 5877M (256M free)
TotalPageFile size 17367M (AvailPageFile size 52M)
current process WorkingSet (physical memory assigned to process): 10M, peak: 10M
current process commit charge ("private bytes"): 60M, peak: 152M

vm_info: Java HotSpot(TM) 64-Bit Server VM (21.0.1+12-LTS-29) for windows-amd64 JRE (21.0.1+12-LTS-29), built on 2023-10-05T13:27:09Z by "mach5one" with MS VC++ 17.1 (VS2022)

END.
